<?xml version="1.0" encoding="UTF-8"?>
<testng-results skipped="0" failed="0" ignored="0" total="1" passed="1">
  <reporter-output>
  </reporter-output>
  <suite name="Default suite" duration-ms="82368" started-at="2017-12-05T12:20:28Z" finished-at="2017-12-05T12:21:51Z">
    <groups>
    </groups>
    <test name="Default test" duration-ms="82368" started-at="2017-12-05T12:20:28Z" finished-at="2017-12-05T12:21:51Z">
      <class name="com.weather.test.LocationManagerTest">
        <test-method status="PASS" signature="testSearchIocnIsVisible()[pri:0, instance:com.weather.test.LocationManagerTest@8bd1b6a]" name="testSearchIocnIsVisible" duration-ms="82352" started-at="2017-12-05T17:50:29Z" finished-at="2017-12-05T17:51:51Z">
          <reporter-output>
          </reporter-output>
        </test-method> <!-- testSearchIocnIsVisible -->
      </class> <!-- com.weather.test.LocationManagerTest -->
    </test> <!-- Default test -->
  </suite> <!-- Default suite -->
</testng-results>
